<?xml version="1.0" encoding="UTF-8"?>
<!-- Generated by org.testng.reporters.JUnitReportReporter -->
<testsuite skipped="0" hostname="TNQ-LTP-235" name="TestngFramework.BaseFile" tests="1" failures="0" timestamp="27 Jul 2017 05:12:06 GMT" time="0.016" errors="0">
  <testcase name="display" time="0.016" classname="TestngFramework.BaseFile"/>
</testsuite> <!-- TestngFramework.BaseFile -->
